TN:
SF:/Users/codesnooker/projects/ezibyte/ngMaterialTemplate/src/client/app/admin/admin.module.js
FN:5,(anonymous_1)
FNF:1
FNH:1
FNDA:1,(anonymous_1)
DA:5,1
DA:8,1
LF:2
LH:2
BRF:0
BRH:0
end_of_record
TN:
SF:/Users/codesnooker/projects/ezibyte/ngMaterialTemplate/src/client/app/app.module.js
FN:1,(anonymous_1)
FNF:1
FNH:1
FNDA:1,(anonymous_1)
DA:1,1
DA:4,1
LF:2
LH:2
BRF:0
BRH:0
end_of_record
TN:
SF:/Users/codesnooker/projects/ezibyte/ngMaterialTemplate/src/client/app/blocks/router/router.module.js
FN:5,(anonymous_1)
FNF:1
FNH:1
FNDA:1,(anonymous_1)
DA:5,1
DA:8,1
LF:2
LH:2
BRF:0
BRH:0
end_of_record
TN:
SF:/Users/codesnooker/projects/ezibyte/ngMaterialTemplate/src/client/app/core/core.module.js
FN:5,(anonymous_1)
FNF:1
FNH:1
FNDA:1,(anonymous_1)
DA:5,1
DA:8,1
LF:2
LH:2
BRF:0
BRH:0
end_of_record
TN:
SF:/Users/codesnooker/projects/ezibyte/ngMaterialTemplate/src/client/app/dashboard/dashboard.module.js
FN:5,(anonymous_1)
FNF:1
FNH:1
FNDA:1,(anonymous_1)
DA:5,1
DA:8,1
LF:2
LH:2
BRF:0
BRH:0
end_of_record
TN:
SF:/Users/codesnooker/projects/ezibyte/ngMaterialTemplate/src/client/app/layout/layout.module.js
FN:5,(anonymous_1)
FNF:1
FNH:1
FNDA:1,(anonymous_1)
DA:5,1
DA:8,1
LF:2
LH:2
BRF:0
BRH:0
end_of_record
TN:
SF:/Users/codesnooker/projects/ezibyte/ngMaterialTemplate/src/client/app/admin/admin.controller.js
FN:5,(anonymous_1)
FNF:1
FNH:1
FNDA:1,(anonymous_1)
DA:5,1
LF:1
LH:1
BRF:0
BRH:0
end_of_record
TN:
SF:/Users/codesnooker/projects/ezibyte/ngMaterialTemplate/src/client/app/admin/admin.route.js
FN:5,(anonymous_1)
FN:15,appRun
FN:19,getStates
FNF:3
FNH:1
FNDA:1,(anonymous_1)
FNDA:0,appRun
FNDA:0,getStates
DA:5,1
DA:8,1
DA:13,1
DA:15,1
DA:16,0
DA:19,1
DA:20,0
LF:7
LH:5
BRF:0
BRH:0
end_of_record
TN:
SF:/Users/codesnooker/projects/ezibyte/ngMaterialTemplate/src/client/app/blocks/router/router-helper.provider.js
FN:6,(anonymous_1)
FN:15,routerHelperProvider
FN:24,(anonymous_3)
FN:31,RouterHelper
FN:51,configureStates
FN:52,(anonymous_6)
FN:63,handleRoutingErrors
FN:68,(anonymous_8)
FN:87,init
FN:92,getStates
FN:96,updateDocTitle
FN:98,(anonymous_12)
FNF:12
FNH:1
FNDA:1,(anonymous_1)
FNDA:0,routerHelperProvider
FNDA:0,(anonymous_3)
FNDA:0,RouterHelper
FNDA:0,configureStates
FNDA:0,(anonymous_6)
FNDA:0,handleRoutingErrors
FNDA:0,(anonymous_8)
FNDA:0,init
FNDA:0,getStates
FNDA:0,updateDocTitle
FNDA:0,(anonymous_12)
DA:6,1
DA:9,1
DA:13,1
DA:15,1
DA:17,0
DA:22,0
DA:24,0
DA:25,0
DA:28,0
DA:29,0
DA:31,1
DA:32,0
DA:33,0
DA:34,0
DA:39,0
DA:45,0
DA:47,0
DA:51,1
DA:52,0
DA:53,0
DA:55,0
DA:57,0
DA:58,0
DA:59,0
DA:63,1
DA:67,0
DA:69,0
DA:70,0
DA:72,0
DA:73,0
DA:74,0
DA:77,0
DA:81,0
DA:82,0
DA:87,1
DA:88,0
DA:89,0
DA:92,1
DA:93,0
DA:96,1
DA:97,0
DA:99,0
DA:100,0
DA:101,0
LF:44
LH:10
BRDA:54,1,0,0
BRDA:54,1,1,0
BRDA:57,2,0,0
BRDA:57,2,1,0
BRDA:57,3,0,0
BRDA:57,3,1,0
BRDA:69,4,0,0
BRDA:69,4,1,0
BRDA:74,5,0,0
BRDA:74,5,1,0
BRDA:74,5,2,0
BRDA:74,5,3,0
BRDA:74,5,4,0
BRDA:78,6,0,0
BRDA:78,6,1,0
BRDA:78,7,0,0
BRDA:78,7,1,0
BRDA:79,8,0,0
BRDA:79,8,1,0
BRDA:101,9,0,0
BRDA:101,9,1,0
BRF:21
BRH:0
end_of_record
TN:
SF:/Users/codesnooker/projects/ezibyte/ngMaterialTemplate/src/client/app/core/constants.js
FN:6,(anonymous_1)
FNF:1
FNH:1
FNDA:1,(anonymous_1)
DA:6,1
DA:9,1
LF:2
LH:2
BRF:0
BRH:0
end_of_record
TN:
SF:/Users/codesnooker/projects/ezibyte/ngMaterialTemplate/src/client/app/core/core.route.js
FN:5,(anonymous_1)
FN:13,appRun
FN:18,getStates
FNF:3
FNH:1
FNDA:1,(anonymous_1)
FNDA:0,appRun
FNDA:0,getStates
DA:5,1
DA:8,1
DA:13,1
DA:14,0
DA:15,0
DA:18,1
DA:19,0
LF:7
LH:4
BRF:0
BRH:0
end_of_record
TN:
SF:/Users/codesnooker/projects/ezibyte/ngMaterialTemplate/src/client/app/dashboard/dashboard.controller.js
FN:5,(anonymous_1)
FN:15,DashboardController
FN:20,activate
FN:22,(anonymous_4)
FNF:4
FNH:1
FNDA:1,(anonymous_1)
FNDA:0,DashboardController
FNDA:0,activate
FNDA:0,(anonymous_4)
DA:5,1
DA:8,1
DA:12,1
DA:15,1
DA:16,0
DA:18,0
DA:20,1
DA:21,0
DA:22,0
DA:23,0
DA:30,0
LF:11
LH:5
BRF:0
BRH:0
end_of_record
TN:
SF:/Users/codesnooker/projects/ezibyte/ngMaterialTemplate/src/client/app/dashboard/dashboard.route.js
FN:5,(anonymous_1)
FN:16,appRun
FN:20,getStates
FNF:3
FNH:1
FNDA:1,(anonymous_1)
FNDA:0,appRun
FNDA:0,getStates
DA:5,1
DA:9,1
DA:14,1
DA:16,1
DA:17,0
DA:20,1
DA:21,0
LF:7
LH:5
BRF:0
BRH:0
end_of_record
TN:
SF:/Users/codesnooker/projects/ezibyte/ngMaterialTemplate/src/client/app/layout/shell.controller.js
FN:5,(anonymous_1)
FN:14,ShellController
FN:20,activate
FN:24,toggle
FN:28,isOpen
FN:32,like
FNF:6
FNH:1
FNDA:1,(anonymous_1)
FNDA:0,ShellController
FNDA:0,activate
FNDA:0,toggle
FNDA:0,isOpen
FNDA:0,like
DA:5,1
DA:8,1
DA:12,1
DA:14,1
DA:15,0
DA:16,0
DA:17,0
DA:18,0
DA:20,1
DA:21,0
DA:24,1
DA:25,0
DA:28,1
DA:29,0
DA:32,1
DA:33,0
DA:41,0
LF:17
LH:8
BRF:0
BRH:0
end_of_record
TN:
SF:/Users/codesnooker/projects/ezibyte/ngMaterialTemplate/src/client/app/layout/sidebar/sidebar.controller.js
FN:5,(anonymous_1)
FN:18,SidebarController
FN:25,activate
FN:34,fired
FN:39,getNavRoutes
FN:40,(anonymous_6)
FN:42,(anonymous_7)
FN:47,isCurrent
FNF:8
FNH:1
FNDA:1,(anonymous_1)
FNDA:0,SidebarController
FNDA:0,activate
FNDA:0,fired
FNDA:0,getNavRoutes
FNDA:0,(anonymous_6)
FNDA:0,(anonymous_7)
FNDA:0,isCurrent
DA:5,1
DA:8,1
DA:12,1
DA:18,1
DA:19,0
DA:20,0
DA:21,0
DA:22,0
DA:23,0
DA:25,1
DA:26,0
DA:27,0
DA:28,0
DA:29,0
DA:32,0
DA:34,1
DA:35,0
DA:36,0
DA:39,1
DA:40,0
DA:41,0
DA:43,0
DA:47,1
DA:48,0
DA:49,0
DA:51,0
DA:52,0
LF:27
LH:8
BRDA:41,1,0,0
BRDA:41,1,1,0
BRDA:48,2,0,0
BRDA:48,2,1,0
BRDA:48,3,0,0
BRDA:48,3,1,0
BRDA:48,3,2,0
BRDA:52,4,0,0
BRDA:52,4,1,0
BRF:9
BRH:0
end_of_record
TN:
SF:/Users/codesnooker/projects/ezibyte/ngMaterialTemplate/src/client/app/layout/sidebar/sidebar.service.js
FN:5,(anonymous_1)
FN:15,SidebarService
FN:28,getLeftSidebar
FN:32,isOpen
FN:36,show
FN:41,hide
FN:46,toggle
FN:50,(anonymous_8)
FN:55,setTitle
FNF:9
FNH:1
FNDA:1,(anonymous_1)
FNDA:0,SidebarService
FNDA:0,getLeftSidebar
FNDA:0,isOpen
FNDA:0,show
FNDA:0,hide
FNDA:0,toggle
FNDA:0,(anonymous_8)
FNDA:0,setTitle
DA:5,1
DA:8,1
DA:13,1
DA:15,1
DA:17,0
DA:19,0
DA:20,0
DA:21,0
DA:22,0
DA:23,0
DA:24,0
DA:26,0
DA:28,1
DA:29,0
DA:32,1
DA:33,0
DA:36,1
DA:37,0
DA:38,0
DA:41,1
DA:42,0
DA:43,0
DA:46,1
DA:47,0
DA:48,0
DA:51,0
DA:55,1
DA:56,0
DA:57,0
LF:29
LH:10
BRF:0
BRH:0
end_of_record
